2025-04-21T20:42:32.270+08:00  INFO 13224 --- [eaps] [main] com.fq.yznu.eaps.EapsApplication         : Starting EapsApplication using Java 17.0.10 with PID 13224 (C:\Users\YnLM\Desktop\BISHE\project\eaps\target\classes started by “‡ƒÍ in C:\Users\YnLM\Desktop\BISHE\project\eaps)
2025-04-21T20:42:32.273+08:00 DEBUG 13224 --- [eaps] [main] com.fq.yznu.eaps.EapsApplication         : Running with Spring Boot v3.2.0, Spring v6.1.1
2025-04-21T20:42:32.275+08:00  INFO 13224 --- [eaps] [main] com.fq.yznu.eaps.EapsApplication         : No active profile set, falling back to 1 default profile: "default"
2025-04-21T20:42:33.255+08:00  INFO 13224 --- [eaps] [main] .s.d.r.c.RepositoryConfigurationDelegate : Multiple Spring Data modules found, entering strict repository configuration mode
2025-04-21T20:42:33.258+08:00  INFO 13224 --- [eaps] [main] .s.d.r.c.RepositoryConfigurationDelegate : Bootstrapping Spring Data Redis repositories in DEFAULT mode.
2025-04-21T20:42:33.290+08:00  INFO 13224 --- [eaps] [main] .s.d.r.c.RepositoryConfigurationDelegate : Finished Spring Data repository scanning in 17 ms. Found 0 Redis repository interfaces.
2025-04-21T20:42:33.463+08:00  WARN 13224 --- [eaps] [main] ConfigServletWebServerApplicationContext : Exception encountered during context initialization - cancelling refresh attempt: java.lang.IllegalArgumentException: Invalid value type for attribute 'factoryBeanObjectType': java.lang.String
2025-04-21T20:42:33.475+08:00  INFO 13224 --- [eaps] [main] .s.b.a.l.ConditionEvaluationReportLogger : 

Error starting ApplicationContext. To display the condition evaluation report re-run your application with 'debug' enabled.
2025-04-21T20:42:33.496+08:00 ERROR 13224 --- [eaps] [main] o.s.boot.SpringApplication               : Application run failed

java.lang.IllegalArgumentException: Invalid value type for attribute 'factoryBeanObjectType': java.lang.String
	at org.springframework.beans.factory.support.FactoryBeanRegistrySupport.getTypeForFactoryBeanFromAttributes(FactoryBeanRegistrySupport.java:86) ~[spring-beans-6.1.1.jar:6.1.1]
	at org.springframework.beans.factory.support.AbstractAutowireCapableBeanFactory.getTypeForFactoryBean(AbstractAutowireCapableBeanFactory.java:838) ~[spring-beans-6.1.1.jar:6.1.1]
	at org.springframework.beans.factory.support.AbstractBeanFactory.isTypeMatch(AbstractBeanFactory.java:620) ~[spring-beans-6.1.1.jar:6.1.1]
	at org.springframework.beans.factory.support.DefaultListableBeanFactory.doGetBeanNamesForType(DefaultListableBeanFactory.java:573) ~[spring-beans-6.1.1.jar:6.1.1]
	at org.springframework.beans.factory.support.DefaultListableBeanFactory.getBeanNamesForType(DefaultListableBeanFactory.java:532) ~[spring-beans-6.1.1.jar:6.1.1]
	at org.springframework.context.support.PostProcessorRegistrationDelegate.invokeBeanFactoryPostProcessors(PostProcessorRegistrationDelegate.java:138) ~[spring-context-6.1.1.jar:6.1.1]
	at org.springframework.context.support.AbstractApplicationContext.invokeBeanFactoryPostProcessors(AbstractApplicationContext.java:775) ~[spring-context-6.1.1.jar:6.1.1]
	at org.springframework.context.support.AbstractApplicationContext.refresh(AbstractApplicationContext.java:597) ~[spring-context-6.1.1.jar:6.1.1]
	at org.springframework.boot.web.servlet.context.ServletWebServerApplicationContext.refresh(ServletWebServerApplicationContext.java:146) ~[spring-boot-3.2.0.jar:3.2.0]
	at org.springframework.boot.SpringApplication.refresh(SpringApplication.java:753) ~[spring-boot-3.2.0.jar:3.2.0]
	at org.springframework.boot.SpringApplication.refreshContext(SpringApplication.java:455) ~[spring-boot-3.2.0.jar:3.2.0]
	at org.springframework.boot.SpringApplication.run(SpringApplication.java:323) ~[spring-boot-3.2.0.jar:3.2.0]
	at org.springframework.boot.SpringApplication.run(SpringApplication.java:1342) ~[spring-boot-3.2.0.jar:3.2.0]
	at org.springframework.boot.SpringApplication.run(SpringApplication.java:1331) ~[spring-boot-3.2.0.jar:3.2.0]
	at com.fq.yznu.eaps.EapsApplication.main(EapsApplication.java:10) ~[classes/:na]

2025-04-21T20:43:28.512+08:00  INFO 4168 --- [eaps] [main] com.fq.yznu.eaps.EapsApplication         : Starting EapsApplication using Java 18.0.2.1 with PID 4168 (C:\Users\YnLM\Desktop\BISHE\project\eaps\target\classes started by ‰∫¶Âπ¥ in C:\Users\YnLM\Desktop\BISHE\project\eaps)
2025-04-21T20:43:28.513+08:00 DEBUG 4168 --- [eaps] [main] com.fq.yznu.eaps.EapsApplication         : Running with Spring Boot v3.2.0, Spring v6.1.1
2025-04-21T20:43:28.514+08:00  INFO 4168 --- [eaps] [main] com.fq.yznu.eaps.EapsApplication         : No active profile set, falling back to 1 default profile: "default"
2025-04-21T20:43:29.388+08:00  INFO 4168 --- [eaps] [main] .s.d.r.c.RepositoryConfigurationDelegate : Multiple Spring Data modules found, entering strict repository configuration mode
2025-04-21T20:43:29.391+08:00  INFO 4168 --- [eaps] [main] .s.d.r.c.RepositoryConfigurationDelegate : Bootstrapping Spring Data Redis repositories in DEFAULT mode.
2025-04-21T20:43:29.423+08:00  INFO 4168 --- [eaps] [main] .s.d.r.c.RepositoryConfigurationDelegate : Finished Spring Data repository scanning in 14 ms. Found 0 Redis repository interfaces.
2025-04-21T20:43:29.558+08:00  WARN 4168 --- [eaps] [main] ConfigServletWebServerApplicationContext : Exception encountered during context initialization - cancelling refresh attempt: java.lang.IllegalArgumentException: Invalid value type for attribute 'factoryBeanObjectType': java.lang.String
2025-04-21T20:43:29.566+08:00  INFO 4168 --- [eaps] [main] .s.b.a.l.ConditionEvaluationReportLogger : 

Error starting ApplicationContext. To display the condition evaluation report re-run your application with 'debug' enabled.
2025-04-21T20:43:29.581+08:00 ERROR 4168 --- [eaps] [main] o.s.boot.SpringApplication               : Application run failed

java.lang.IllegalArgumentException: Invalid value type for attribute 'factoryBeanObjectType': java.lang.String
	at org.springframework.beans.factory.support.FactoryBeanRegistrySupport.getTypeForFactoryBeanFromAttributes(FactoryBeanRegistrySupport.java:86) ~[spring-beans-6.1.1.jar:6.1.1]
	at org.springframework.beans.factory.support.AbstractAutowireCapableBeanFactory.getTypeForFactoryBean(AbstractAutowireCapableBeanFactory.java:838) ~[spring-beans-6.1.1.jar:6.1.1]
	at org.springframework.beans.factory.support.AbstractBeanFactory.isTypeMatch(AbstractBeanFactory.java:620) ~[spring-beans-6.1.1.jar:6.1.1]
	at org.springframework.beans.factory.support.DefaultListableBeanFactory.doGetBeanNamesForType(DefaultListableBeanFactory.java:573) ~[spring-beans-6.1.1.jar:6.1.1]
	at org.springframework.beans.factory.support.DefaultListableBeanFactory.getBeanNamesForType(DefaultListableBeanFactory.java:532) ~[spring-beans-6.1.1.jar:6.1.1]
	at org.springframework.context.support.PostProcessorRegistrationDelegate.invokeBeanFactoryPostProcessors(PostProcessorRegistrationDelegate.java:138) ~[spring-context-6.1.1.jar:6.1.1]
	at org.springframework.context.support.AbstractApplicationContext.invokeBeanFactoryPostProcessors(AbstractApplicationContext.java:775) ~[spring-context-6.1.1.jar:6.1.1]
	at org.springframework.context.support.AbstractApplicationContext.refresh(AbstractApplicationContext.java:597) ~[spring-context-6.1.1.jar:6.1.1]
	at org.springframework.boot.web.servlet.context.ServletWebServerApplicationContext.refresh(ServletWebServerApplicationContext.java:146) ~[spring-boot-3.2.0.jar:3.2.0]
	at org.springframework.boot.SpringApplication.refresh(SpringApplication.java:753) ~[spring-boot-3.2.0.jar:3.2.0]
	at org.springframework.boot.SpringApplication.refreshContext(SpringApplication.java:455) ~[spring-boot-3.2.0.jar:3.2.0]
	at org.springframework.boot.SpringApplication.run(SpringApplication.java:323) ~[spring-boot-3.2.0.jar:3.2.0]
	at org.springframework.boot.SpringApplication.run(SpringApplication.java:1342) ~[spring-boot-3.2.0.jar:3.2.0]
	at org.springframework.boot.SpringApplication.run(SpringApplication.java:1331) ~[spring-boot-3.2.0.jar:3.2.0]
	at com.fq.yznu.eaps.EapsApplication.main(EapsApplication.java:10) ~[classes/:na]

2025-04-21T20:43:50.326+08:00  INFO 23252 --- [eaps] [main] com.fq.yznu.eaps.EapsApplication         : Starting EapsApplication using Java 17.0.10 with PID 23252 (C:\Users\YnLM\Desktop\BISHE\project\eaps\target\classes started by “‡ƒÍ in C:\Users\YnLM\Desktop\BISHE\project\eaps)
2025-04-21T20:43:50.330+08:00 DEBUG 23252 --- [eaps] [main] com.fq.yznu.eaps.EapsApplication         : Running with Spring Boot v3.2.0, Spring v6.1.1
2025-04-21T20:43:50.331+08:00  INFO 23252 --- [eaps] [main] com.fq.yznu.eaps.EapsApplication         : No active profile set, falling back to 1 default profile: "default"
2025-04-21T20:43:51.400+08:00  INFO 23252 --- [eaps] [main] .s.d.r.c.RepositoryConfigurationDelegate : Multiple Spring Data modules found, entering strict repository configuration mode
2025-04-21T20:43:51.403+08:00  INFO 23252 --- [eaps] [main] .s.d.r.c.RepositoryConfigurationDelegate : Bootstrapping Spring Data Redis repositories in DEFAULT mode.
2025-04-21T20:43:51.444+08:00  INFO 23252 --- [eaps] [main] .s.d.r.c.RepositoryConfigurationDelegate : Finished Spring Data repository scanning in 21 ms. Found 0 Redis repository interfaces.
2025-04-21T20:43:51.632+08:00  WARN 23252 --- [eaps] [main] ConfigServletWebServerApplicationContext : Exception encountered during context initialization - cancelling refresh attempt: java.lang.IllegalArgumentException: Invalid value type for attribute 'factoryBeanObjectType': java.lang.String
2025-04-21T20:43:51.644+08:00  INFO 23252 --- [eaps] [main] .s.b.a.l.ConditionEvaluationReportLogger : 

Error starting ApplicationContext. To display the condition evaluation report re-run your application with 'debug' enabled.
2025-04-21T20:43:51.666+08:00 ERROR 23252 --- [eaps] [main] o.s.boot.SpringApplication               : Application run failed

java.lang.IllegalArgumentException: Invalid value type for attribute 'factoryBeanObjectType': java.lang.String
	at org.springframework.beans.factory.support.FactoryBeanRegistrySupport.getTypeForFactoryBeanFromAttributes(FactoryBeanRegistrySupport.java:86) ~[spring-beans-6.1.1.jar:6.1.1]
	at org.springframework.beans.factory.support.AbstractAutowireCapableBeanFactory.getTypeForFactoryBean(AbstractAutowireCapableBeanFactory.java:838) ~[spring-beans-6.1.1.jar:6.1.1]
	at org.springframework.beans.factory.support.AbstractBeanFactory.isTypeMatch(AbstractBeanFactory.java:620) ~[spring-beans-6.1.1.jar:6.1.1]
	at org.springframework.beans.factory.support.DefaultListableBeanFactory.doGetBeanNamesForType(DefaultListableBeanFactory.java:573) ~[spring-beans-6.1.1.jar:6.1.1]
	at org.springframework.beans.factory.support.DefaultListableBeanFactory.getBeanNamesForType(DefaultListableBeanFactory.java:532) ~[spring-beans-6.1.1.jar:6.1.1]
	at org.springframework.context.support.PostProcessorRegistrationDelegate.invokeBeanFactoryPostProcessors(PostProcessorRegistrationDelegate.java:138) ~[spring-context-6.1.1.jar:6.1.1]
	at org.springframework.context.support.AbstractApplicationContext.invokeBeanFactoryPostProcessors(AbstractApplicationContext.java:775) ~[spring-context-6.1.1.jar:6.1.1]
	at org.springframework.context.support.AbstractApplicationContext.refresh(AbstractApplicationContext.java:597) ~[spring-context-6.1.1.jar:6.1.1]
	at org.springframework.boot.web.servlet.context.ServletWebServerApplicationContext.refresh(ServletWebServerApplicationContext.java:146) ~[spring-boot-3.2.0.jar:3.2.0]
	at org.springframework.boot.SpringApplication.refresh(SpringApplication.java:753) ~[spring-boot-3.2.0.jar:3.2.0]
	at org.springframework.boot.SpringApplication.refreshContext(SpringApplication.java:455) ~[spring-boot-3.2.0.jar:3.2.0]
	at org.springframework.boot.SpringApplication.run(SpringApplication.java:323) ~[spring-boot-3.2.0.jar:3.2.0]
	at org.springframework.boot.SpringApplication.run(SpringApplication.java:1342) ~[spring-boot-3.2.0.jar:3.2.0]
	at org.springframework.boot.SpringApplication.run(SpringApplication.java:1331) ~[spring-boot-3.2.0.jar:3.2.0]
	at com.fq.yznu.eaps.EapsApplication.main(EapsApplication.java:10) ~[classes/:na]

2025-04-21T20:44:08.906+08:00  INFO 9256 --- [eaps] [main] com.fq.yznu.eaps.EapsApplication         : Starting EapsApplication using Java 17.0.10 with PID 9256 (C:\Users\YnLM\Desktop\BISHE\project\eaps\target\classes started by “‡ƒÍ in C:\Users\YnLM\Desktop\BISHE\project\eaps)
2025-04-21T20:44:08.910+08:00 DEBUG 9256 --- [eaps] [main] com.fq.yznu.eaps.EapsApplication         : Running with Spring Boot v3.2.0, Spring v6.1.1
2025-04-21T20:44:08.911+08:00  INFO 9256 --- [eaps] [main] com.fq.yznu.eaps.EapsApplication         : No active profile set, falling back to 1 default profile: "default"
2025-04-21T20:44:09.941+08:00  INFO 9256 --- [eaps] [main] .s.d.r.c.RepositoryConfigurationDelegate : Multiple Spring Data modules found, entering strict repository configuration mode
2025-04-21T20:44:09.944+08:00  INFO 9256 --- [eaps] [main] .s.d.r.c.RepositoryConfigurationDelegate : Bootstrapping Spring Data Redis repositories in DEFAULT mode.
2025-04-21T20:44:09.982+08:00  INFO 9256 --- [eaps] [main] .s.d.r.c.RepositoryConfigurationDelegate : Finished Spring Data repository scanning in 20 ms. Found 0 Redis repository interfaces.
2025-04-21T20:44:10.179+08:00  WARN 9256 --- [eaps] [main] ConfigServletWebServerApplicationContext : Exception encountered during context initialization - cancelling refresh attempt: java.lang.IllegalArgumentException: Invalid value type for attribute 'factoryBeanObjectType': java.lang.String
2025-04-21T20:44:10.190+08:00  INFO 9256 --- [eaps] [main] .s.b.a.l.ConditionEvaluationReportLogger : 

Error starting ApplicationContext. To display the condition evaluation report re-run your application with 'debug' enabled.
2025-04-21T20:44:10.208+08:00 ERROR 9256 --- [eaps] [main] o.s.boot.SpringApplication               : Application run failed

java.lang.IllegalArgumentException: Invalid value type for attribute 'factoryBeanObjectType': java.lang.String
	at org.springframework.beans.factory.support.FactoryBeanRegistrySupport.getTypeForFactoryBeanFromAttributes(FactoryBeanRegistrySupport.java:86) ~[spring-beans-6.1.1.jar:6.1.1]
	at org.springframework.beans.factory.support.AbstractAutowireCapableBeanFactory.getTypeForFactoryBean(AbstractAutowireCapableBeanFactory.java:838) ~[spring-beans-6.1.1.jar:6.1.1]
	at org.springframework.beans.factory.support.AbstractBeanFactory.isTypeMatch(AbstractBeanFactory.java:620) ~[spring-beans-6.1.1.jar:6.1.1]
	at org.springframework.beans.factory.support.DefaultListableBeanFactory.doGetBeanNamesForType(DefaultListableBeanFactory.java:573) ~[spring-beans-6.1.1.jar:6.1.1]
	at org.springframework.beans.factory.support.DefaultListableBeanFactory.getBeanNamesForType(DefaultListableBeanFactory.java:532) ~[spring-beans-6.1.1.jar:6.1.1]
	at org.springframework.context.support.PostProcessorRegistrationDelegate.invokeBeanFactoryPostProcessors(PostProcessorRegistrationDelegate.java:138) ~[spring-context-6.1.1.jar:6.1.1]
	at org.springframework.context.support.AbstractApplicationContext.invokeBeanFactoryPostProcessors(AbstractApplicationContext.java:775) ~[spring-context-6.1.1.jar:6.1.1]
	at org.springframework.context.support.AbstractApplicationContext.refresh(AbstractApplicationContext.java:597) ~[spring-context-6.1.1.jar:6.1.1]
	at org.springframework.boot.web.servlet.context.ServletWebServerApplicationContext.refresh(ServletWebServerApplicationContext.java:146) ~[spring-boot-3.2.0.jar:3.2.0]
	at org.springframework.boot.SpringApplication.refresh(SpringApplication.java:753) ~[spring-boot-3.2.0.jar:3.2.0]
	at org.springframework.boot.SpringApplication.refreshContext(SpringApplication.java:455) ~[spring-boot-3.2.0.jar:3.2.0]
	at org.springframework.boot.SpringApplication.run(SpringApplication.java:323) ~[spring-boot-3.2.0.jar:3.2.0]
	at org.springframework.boot.SpringApplication.run(SpringApplication.java:1342) ~[spring-boot-3.2.0.jar:3.2.0]
	at org.springframework.boot.SpringApplication.run(SpringApplication.java:1331) ~[spring-boot-3.2.0.jar:3.2.0]
	at com.fq.yznu.eaps.EapsApplication.main(EapsApplication.java:10) ~[classes/:na]

2025-04-21T21:10:28.438+08:00  INFO 16500 --- [eaps] [main] com.fq.yznu.eaps.EapsApplication         : Starting EapsApplication using Java 18.0.2.1 with PID 16500 (C:\Users\YnLM\Desktop\BISHE\project\eaps\target\classes started by ‰∫¶Âπ¥ in C:\Users\YnLM\Desktop\BISHE\project\eaps)
2025-04-21T21:10:28.440+08:00 DEBUG 16500 --- [eaps] [main] com.fq.yznu.eaps.EapsApplication         : Running with Spring Boot v3.2.0, Spring v6.1.1
2025-04-21T21:10:28.441+08:00  INFO 16500 --- [eaps] [main] com.fq.yznu.eaps.EapsApplication         : No active profile set, falling back to 1 default profile: "default"
2025-04-21T21:10:29.259+08:00  INFO 16500 --- [eaps] [main] .s.d.r.c.RepositoryConfigurationDelegate : Multiple Spring Data modules found, entering strict repository configuration mode
2025-04-21T21:10:29.262+08:00  INFO 16500 --- [eaps] [main] .s.d.r.c.RepositoryConfigurationDelegate : Bootstrapping Spring Data Redis repositories in DEFAULT mode.
2025-04-21T21:10:29.293+08:00  INFO 16500 --- [eaps] [main] .s.d.r.c.RepositoryConfigurationDelegate : Finished Spring Data repository scanning in 15 ms. Found 0 Redis repository interfaces.
2025-04-21T21:10:29.396+08:00  WARN 16500 --- [eaps] [main] ConfigServletWebServerApplicationContext : Exception encountered during context initialization - cancelling refresh attempt: java.lang.IllegalArgumentException: Invalid value type for attribute 'factoryBeanObjectType': java.lang.String
2025-04-21T21:10:29.404+08:00  INFO 16500 --- [eaps] [main] .s.b.a.l.ConditionEvaluationReportLogger : 

Error starting ApplicationContext. To display the condition evaluation report re-run your application with 'debug' enabled.
2025-04-21T21:10:29.421+08:00 ERROR 16500 --- [eaps] [main] o.s.boot.SpringApplication               : Application run failed

java.lang.IllegalArgumentException: Invalid value type for attribute 'factoryBeanObjectType': java.lang.String
	at org.springframework.beans.factory.support.FactoryBeanRegistrySupport.getTypeForFactoryBeanFromAttributes(FactoryBeanRegistrySupport.java:86) ~[spring-beans-6.1.1.jar:6.1.1]
	at org.springframework.beans.factory.support.AbstractAutowireCapableBeanFactory.getTypeForFactoryBean(AbstractAutowireCapableBeanFactory.java:838) ~[spring-beans-6.1.1.jar:6.1.1]
	at org.springframework.beans.factory.support.AbstractBeanFactory.isTypeMatch(AbstractBeanFactory.java:620) ~[spring-beans-6.1.1.jar:6.1.1]
	at org.springframework.beans.factory.support.DefaultListableBeanFactory.doGetBeanNamesForType(DefaultListableBeanFactory.java:573) ~[spring-beans-6.1.1.jar:6.1.1]
	at org.springframework.beans.factory.support.DefaultListableBeanFactory.getBeanNamesForType(DefaultListableBeanFactory.java:532) ~[spring-beans-6.1.1.jar:6.1.1]
	at org.springframework.context.support.PostProcessorRegistrationDelegate.invokeBeanFactoryPostProcessors(PostProcessorRegistrationDelegate.java:138) ~[spring-context-6.1.1.jar:6.1.1]
	at org.springframework.context.support.AbstractApplicationContext.invokeBeanFactoryPostProcessors(AbstractApplicationContext.java:775) ~[spring-context-6.1.1.jar:6.1.1]
	at org.springframework.context.support.AbstractApplicationContext.refresh(AbstractApplicationContext.java:597) ~[spring-context-6.1.1.jar:6.1.1]
	at org.springframework.boot.web.servlet.context.ServletWebServerApplicationContext.refresh(ServletWebServerApplicationContext.java:146) ~[spring-boot-3.2.0.jar:3.2.0]
	at org.springframework.boot.SpringApplication.refresh(SpringApplication.java:753) ~[spring-boot-3.2.0.jar:3.2.0]
	at org.springframework.boot.SpringApplication.refreshContext(SpringApplication.java:455) ~[spring-boot-3.2.0.jar:3.2.0]
	at org.springframework.boot.SpringApplication.run(SpringApplication.java:323) ~[spring-boot-3.2.0.jar:3.2.0]
	at org.springframework.boot.SpringApplication.run(SpringApplication.java:1342) ~[spring-boot-3.2.0.jar:3.2.0]
	at org.springframework.boot.SpringApplication.run(SpringApplication.java:1331) ~[spring-boot-3.2.0.jar:3.2.0]
	at com.fq.yznu.eaps.EapsApplication.main(EapsApplication.java:10) ~[classes/:na]

2025-04-21T21:10:51.173+08:00  INFO 11660 --- [eaps] [main] com.fq.yznu.eaps.EapsApplication         : Starting EapsApplication using Java 17.0.10 with PID 11660 (C:\Users\YnLM\Desktop\BISHE\project\eaps\target\classes started by “‡ƒÍ in C:\Users\YnLM\Desktop\BISHE\project\eaps)
2025-04-21T21:10:51.176+08:00 DEBUG 11660 --- [eaps] [main] com.fq.yznu.eaps.EapsApplication         : Running with Spring Boot v3.2.0, Spring v6.1.1
2025-04-21T21:10:51.177+08:00  INFO 11660 --- [eaps] [main] com.fq.yznu.eaps.EapsApplication         : No active profile set, falling back to 1 default profile: "default"
2025-04-21T21:10:52.234+08:00  INFO 11660 --- [eaps] [main] .s.d.r.c.RepositoryConfigurationDelegate : Multiple Spring Data modules found, entering strict repository configuration mode
2025-04-21T21:10:52.238+08:00  INFO 11660 --- [eaps] [main] .s.d.r.c.RepositoryConfigurationDelegate : Bootstrapping Spring Data Redis repositories in DEFAULT mode.
2025-04-21T21:10:52.284+08:00  INFO 11660 --- [eaps] [main] .s.d.r.c.RepositoryConfigurationDelegate : Finished Spring Data repository scanning in 22 ms. Found 0 Redis repository interfaces.
2025-04-21T21:10:52.448+08:00  WARN 11660 --- [eaps] [main] ConfigServletWebServerApplicationContext : Exception encountered during context initialization - cancelling refresh attempt: java.lang.IllegalArgumentException: Invalid value type for attribute 'factoryBeanObjectType': java.lang.String
2025-04-21T21:10:52.459+08:00  INFO 11660 --- [eaps] [main] .s.b.a.l.ConditionEvaluationReportLogger : 

Error starting ApplicationContext. To display the condition evaluation report re-run your application with 'debug' enabled.
2025-04-21T21:10:52.477+08:00 ERROR 11660 --- [eaps] [main] o.s.boot.SpringApplication               : Application run failed

java.lang.IllegalArgumentException: Invalid value type for attribute 'factoryBeanObjectType': java.lang.String
	at org.springframework.beans.factory.support.FactoryBeanRegistrySupport.getTypeForFactoryBeanFromAttributes(FactoryBeanRegistrySupport.java:86) ~[spring-beans-6.1.1.jar:6.1.1]
	at org.springframework.beans.factory.support.AbstractAutowireCapableBeanFactory.getTypeForFactoryBean(AbstractAutowireCapableBeanFactory.java:838) ~[spring-beans-6.1.1.jar:6.1.1]
	at org.springframework.beans.factory.support.AbstractBeanFactory.isTypeMatch(AbstractBeanFactory.java:620) ~[spring-beans-6.1.1.jar:6.1.1]
	at org.springframework.beans.factory.support.DefaultListableBeanFactory.doGetBeanNamesForType(DefaultListableBeanFactory.java:573) ~[spring-beans-6.1.1.jar:6.1.1]
	at org.springframework.beans.factory.support.DefaultListableBeanFactory.getBeanNamesForType(DefaultListableBeanFactory.java:532) ~[spring-beans-6.1.1.jar:6.1.1]
	at org.springframework.context.support.PostProcessorRegistrationDelegate.invokeBeanFactoryPostProcessors(PostProcessorRegistrationDelegate.java:138) ~[spring-context-6.1.1.jar:6.1.1]
	at org.springframework.context.support.AbstractApplicationContext.invokeBeanFactoryPostProcessors(AbstractApplicationContext.java:775) ~[spring-context-6.1.1.jar:6.1.1]
	at org.springframework.context.support.AbstractApplicationContext.refresh(AbstractApplicationContext.java:597) ~[spring-context-6.1.1.jar:6.1.1]
	at org.springframework.boot.web.servlet.context.ServletWebServerApplicationContext.refresh(ServletWebServerApplicationContext.java:146) ~[spring-boot-3.2.0.jar:3.2.0]
	at org.springframework.boot.SpringApplication.refresh(SpringApplication.java:753) ~[spring-boot-3.2.0.jar:3.2.0]
	at org.springframework.boot.SpringApplication.refreshContext(SpringApplication.java:455) ~[spring-boot-3.2.0.jar:3.2.0]
	at org.springframework.boot.SpringApplication.run(SpringApplication.java:323) ~[spring-boot-3.2.0.jar:3.2.0]
	at org.springframework.boot.SpringApplication.run(SpringApplication.java:1342) ~[spring-boot-3.2.0.jar:3.2.0]
	at org.springframework.boot.SpringApplication.run(SpringApplication.java:1331) ~[spring-boot-3.2.0.jar:3.2.0]
	at com.fq.yznu.eaps.EapsApplication.main(EapsApplication.java:10) ~[classes/:na]

2025-04-21T21:17:51.365+08:00  INFO 22348 --- [eaps] [main] com.fq.yznu.eaps.EapsApplication         : Starting EapsApplication using Java 17.0.10 with PID 22348 (C:\Users\YnLM\Desktop\BISHE\project\eaps\target\classes started by “‡ƒÍ in C:\Users\YnLM\Desktop\BISHE\project\eaps)
2025-04-21T21:17:51.368+08:00 DEBUG 22348 --- [eaps] [main] com.fq.yznu.eaps.EapsApplication         : Running with Spring Boot v3.2.0, Spring v6.1.1
2025-04-21T21:17:51.368+08:00  INFO 22348 --- [eaps] [main] com.fq.yznu.eaps.EapsApplication         : No active profile set, falling back to 1 default profile: "default"
2025-04-21T21:17:52.107+08:00  INFO 22348 --- [eaps] [main] .s.d.r.c.RepositoryConfigurationDelegate : Multiple Spring Data modules found, entering strict repository configuration mode
2025-04-21T21:17:52.109+08:00  INFO 22348 --- [eaps] [main] .s.d.r.c.RepositoryConfigurationDelegate : Bootstrapping Spring Data Redis repositories in DEFAULT mode.
2025-04-21T21:17:52.138+08:00  INFO 22348 --- [eaps] [main] .s.d.r.c.RepositoryConfigurationDelegate : Finished Spring Data repository scanning in 16 ms. Found 0 Redis repository interfaces.
2025-04-21T21:17:52.238+08:00  WARN 22348 --- [eaps] [main] ConfigServletWebServerApplicationContext : Exception encountered during context initialization - cancelling refresh attempt: java.lang.IllegalArgumentException: Invalid value type for attribute 'factoryBeanObjectType': java.lang.String
2025-04-21T21:17:52.247+08:00  INFO 22348 --- [eaps] [main] .s.b.a.l.ConditionEvaluationReportLogger : 

Error starting ApplicationContext. To display the condition evaluation report re-run your application with 'debug' enabled.
2025-04-21T21:17:52.262+08:00 ERROR 22348 --- [eaps] [main] o.s.boot.SpringApplication               : Application run failed

java.lang.IllegalArgumentException: Invalid value type for attribute 'factoryBeanObjectType': java.lang.String
	at org.springframework.beans.factory.support.FactoryBeanRegistrySupport.getTypeForFactoryBeanFromAttributes(FactoryBeanRegistrySupport.java:86) ~[spring-beans-6.1.1.jar:6.1.1]
	at org.springframework.beans.factory.support.AbstractAutowireCapableBeanFactory.getTypeForFactoryBean(AbstractAutowireCapableBeanFactory.java:838) ~[spring-beans-6.1.1.jar:6.1.1]
	at org.springframework.beans.factory.support.AbstractBeanFactory.isTypeMatch(AbstractBeanFactory.java:620) ~[spring-beans-6.1.1.jar:6.1.1]
	at org.springframework.beans.factory.support.DefaultListableBeanFactory.doGetBeanNamesForType(DefaultListableBeanFactory.java:573) ~[spring-beans-6.1.1.jar:6.1.1]
	at org.springframework.beans.factory.support.DefaultListableBeanFactory.getBeanNamesForType(DefaultListableBeanFactory.java:532) ~[spring-beans-6.1.1.jar:6.1.1]
	at org.springframework.context.support.PostProcessorRegistrationDelegate.invokeBeanFactoryPostProcessors(PostProcessorRegistrationDelegate.java:138) ~[spring-context-6.1.1.jar:6.1.1]
	at org.springframework.context.support.AbstractApplicationContext.invokeBeanFactoryPostProcessors(AbstractApplicationContext.java:775) ~[spring-context-6.1.1.jar:6.1.1]
	at org.springframework.context.support.AbstractApplicationContext.refresh(AbstractApplicationContext.java:597) ~[spring-context-6.1.1.jar:6.1.1]
	at org.springframework.boot.web.servlet.context.ServletWebServerApplicationContext.refresh(ServletWebServerApplicationContext.java:146) ~[spring-boot-3.2.0.jar:3.2.0]
	at org.springframework.boot.SpringApplication.refresh(SpringApplication.java:753) ~[spring-boot-3.2.0.jar:3.2.0]
	at org.springframework.boot.SpringApplication.refreshContext(SpringApplication.java:455) ~[spring-boot-3.2.0.jar:3.2.0]
	at org.springframework.boot.SpringApplication.run(SpringApplication.java:323) ~[spring-boot-3.2.0.jar:3.2.0]
	at org.springframework.boot.SpringApplication.run(SpringApplication.java:1342) ~[spring-boot-3.2.0.jar:3.2.0]
	at org.springframework.boot.SpringApplication.run(SpringApplication.java:1331) ~[spring-boot-3.2.0.jar:3.2.0]
	at com.fq.yznu.eaps.EapsApplication.main(EapsApplication.java:10) ~[classes/:na]

2025-04-21T21:22:07.363+08:00  INFO 7008 --- [eaps] [main] com.fq.yznu.eaps.EapsApplication         : Starting EapsApplication using Java 18.0.2.1 with PID 7008 (C:\Users\YnLM\Desktop\BISHE\project\eaps\target\classes started by ‰∫¶Âπ¥ in C:\Users\YnLM\Desktop\BISHE\project\eaps)
2025-04-21T21:22:07.364+08:00 DEBUG 7008 --- [eaps] [main] com.fq.yznu.eaps.EapsApplication         : Running with Spring Boot v3.2.0, Spring v6.1.1
2025-04-21T21:22:07.365+08:00  INFO 7008 --- [eaps] [main] com.fq.yznu.eaps.EapsApplication         : No active profile set, falling back to 1 default profile: "default"
2025-04-21T21:22:08.196+08:00  INFO 7008 --- [eaps] [main] .s.d.r.c.RepositoryConfigurationDelegate : Multiple Spring Data modules found, entering strict repository configuration mode
2025-04-21T21:22:08.198+08:00  INFO 7008 --- [eaps] [main] .s.d.r.c.RepositoryConfigurationDelegate : Bootstrapping Spring Data Redis repositories in DEFAULT mode.
2025-04-21T21:22:08.227+08:00  INFO 7008 --- [eaps] [main] .s.d.r.c.RepositoryConfigurationDelegate : Finished Spring Data repository scanning in 15 ms. Found 0 Redis repository interfaces.
2025-04-21T21:22:08.329+08:00  WARN 7008 --- [eaps] [main] ConfigServletWebServerApplicationContext : Exception encountered during context initialization - cancelling refresh attempt: java.lang.IllegalArgumentException: Invalid value type for attribute 'factoryBeanObjectType': java.lang.String
2025-04-21T21:22:08.337+08:00  INFO 7008 --- [eaps] [main] .s.b.a.l.ConditionEvaluationReportLogger : 

Error starting ApplicationContext. To display the condition evaluation report re-run your application with 'debug' enabled.
2025-04-21T21:22:08.351+08:00 ERROR 7008 --- [eaps] [main] o.s.boot.SpringApplication               : Application run failed

java.lang.IllegalArgumentException: Invalid value type for attribute 'factoryBeanObjectType': java.lang.String
	at org.springframework.beans.factory.support.FactoryBeanRegistrySupport.getTypeForFactoryBeanFromAttributes(FactoryBeanRegistrySupport.java:86) ~[spring-beans-6.1.1.jar:6.1.1]
	at org.springframework.beans.factory.support.AbstractAutowireCapableBeanFactory.getTypeForFactoryBean(AbstractAutowireCapableBeanFactory.java:838) ~[spring-beans-6.1.1.jar:6.1.1]
	at org.springframework.beans.factory.support.AbstractBeanFactory.isTypeMatch(AbstractBeanFactory.java:620) ~[spring-beans-6.1.1.jar:6.1.1]
	at org.springframework.beans.factory.support.DefaultListableBeanFactory.doGetBeanNamesForType(DefaultListableBeanFactory.java:573) ~[spring-beans-6.1.1.jar:6.1.1]
	at org.springframework.beans.factory.support.DefaultListableBeanFactory.getBeanNamesForType(DefaultListableBeanFactory.java:532) ~[spring-beans-6.1.1.jar:6.1.1]
	at org.springframework.context.support.PostProcessorRegistrationDelegate.invokeBeanFactoryPostProcessors(PostProcessorRegistrationDelegate.java:138) ~[spring-context-6.1.1.jar:6.1.1]
	at org.springframework.context.support.AbstractApplicationContext.invokeBeanFactoryPostProcessors(AbstractApplicationContext.java:775) ~[spring-context-6.1.1.jar:6.1.1]
	at org.springframework.context.support.AbstractApplicationContext.refresh(AbstractApplicationContext.java:597) ~[spring-context-6.1.1.jar:6.1.1]
	at org.springframework.boot.web.servlet.context.ServletWebServerApplicationContext.refresh(ServletWebServerApplicationContext.java:146) ~[spring-boot-3.2.0.jar:3.2.0]
	at org.springframework.boot.SpringApplication.refresh(SpringApplication.java:753) ~[spring-boot-3.2.0.jar:3.2.0]
	at org.springframework.boot.SpringApplication.refreshContext(SpringApplication.java:455) ~[spring-boot-3.2.0.jar:3.2.0]
	at org.springframework.boot.SpringApplication.run(SpringApplication.java:323) ~[spring-boot-3.2.0.jar:3.2.0]
	at org.springframework.boot.SpringApplication.run(SpringApplication.java:1342) ~[spring-boot-3.2.0.jar:3.2.0]
	at org.springframework.boot.SpringApplication.run(SpringApplication.java:1331) ~[spring-boot-3.2.0.jar:3.2.0]
	at com.fq.yznu.eaps.EapsApplication.main(EapsApplication.java:10) ~[classes/:na]

